
TimeCreated      : 07.11.2025 12:04:56
Id               : 5719
LevelDisplayName : Ошибка
ProviderName     : NETLOGON
Message          : Компьютер не может установить безопасный сеанс связи с контроллером домена NT_WORK по следующей причине: 
                   Вы не можете войти в систему с этими учетными данными, так как ваш домен недоступен. Убедитесь, что устройство подключено к сети организации и повторите попытку. Если вы ранее входили в систему на этом устройстве с другими учетными данными, вы можете войти в систему с этими учетными данными. 
                   Это может затруднить проверку подлинности. Убедитесь, что компьютер подключен к сети. Если ошибка повторится, обратитесь к администратору домена.  
                   
                   Дополнительные сведения 
                   Если данный компьютер является контроллером указанного домена, он устанавливает безопасный сеанс связи с эмулятором основного контроллера этого домена. В противном случае компьютер устанавливает безопасный сеанс связи с произвольным контроллером данного домена.

TimeCreated      : 07.11.2025 11:57:38
Id               : 1129
LevelDisplayName : Ошибка
ProviderName     : Microsoft-Windows-GroupPolicy
Message          : Сбой обработки групповой политики из-за отсутствия сетевого подключения к контроллеру домена. Это может быть временным явлением. Как только компьютеру удастся подключиться к контроллеру домена и групповая политика будет обработана успешно, будет создано сообщение об успехе. Если это сообщение не появляется в течение нескольких часов, обратитесь к администратору.

TimeCreated      : 07.11.2025 11:54:08
Id               : 1129
LevelDisplayName : Ошибка
ProviderName     : Microsoft-Windows-GroupPolicy
Message          : Сбой обработки групповой политики из-за отсутствия сетевого подключения к контроллеру домена. Это может быть временным явлением. Как только компьютеру удастся подключиться к контроллеру домена и групповая политика будет обработана успешно, будет создано сообщение об успехе. Если это сообщение не появляется в течение нескольких часов, обратитесь к администратору.

TimeCreated      : 07.11.2025 9:58:37
Id               : 1129
LevelDisplayName : Ошибка
ProviderName     : Microsoft-Windows-GroupPolicy
Message          : Сбой обработки групповой политики из-за отсутствия сетевого подключения к контроллеру домена. Это может быть временным явлением. Как только компьютеру удастся подключиться к контроллеру домена и групповая политика будет обработана успешно, будет создано сообщение об успехе. Если это сообщение не появляется в течение нескольких часов, обратитесь к администратору.

TimeCreated      : 07.11.2025 9:57:07
Id               : 1129
LevelDisplayName : Ошибка
ProviderName     : Microsoft-Windows-GroupPolicy
Message          : Сбой обработки групповой политики из-за отсутствия сетевого подключения к контроллеру домена. Это может быть временным явлением. Как только компьютеру удастся подключиться к контроллеру домена и групповая политика будет обработана успешно, будет создано сообщение об успехе. Если это сообщение не появляется в течение нескольких часов, обратитесь к администратору.

TimeCreated      : 07.11.2025 8:04:21
Id               : 1796
LevelDisplayName : Ошибка
ProviderName     : Microsoft-Windows-TPM-WMI
Message          : При обновлении безопасной загрузки не удалось обновить переменную безопасной загрузки с ошибкой Безопасная загрузка не включена на этом компьютере.. Подробнее см. на страницеhttps://go.microsoft.com/fwlink/?linkid=2169931

TimeCreated      : 07.11.2025 8:04:21
Id               : 1796
LevelDisplayName : Ошибка
ProviderName     : Microsoft-Windows-TPM-WMI
Message          : При обновлении безопасной загрузки не удалось обновить переменную безопасной загрузки с ошибкой Безопасная загрузка не включена на этом компьютере.. Подробнее см. на страницеhttps://go.microsoft.com/fwlink/?linkid=2169931

TimeCreated      : 07.11.2025 8:01:27
Id               : 7000
LevelDisplayName : Ошибка
ProviderName     : Service Control Manager
Message          : Сбой при запуске службы "Служба Google Update (gupdate)" из-за ошибки 
                   Служба не ответила на запрос своевременно.

TimeCreated      : 07.11.2025 8:01:27
Id               : 7009
LevelDisplayName : Ошибка
ProviderName     : Service Control Manager
Message          : Превышение времени ожидания (30000 мс) при ожидании подключения службы "Служба Google Update (gupdate)".

TimeCreated      : 07.11.2025 7:59:22
Id               : 7000
LevelDisplayName : Ошибка
ProviderName     : Service Control Manager
Message          : Сбой при запуске службы "uninstall.exe" из-за ошибки 
                   Не удается найти указанный файл.

TimeCreated      : 07.11.2025 7:59:22
Id               : 7000
LevelDisplayName : Ошибка
ProviderName     : Service Control Manager
Message          : Сбой при запуске службы "hfs.exe" из-за ошибки 
                   Не удается найти указанный файл.

TimeCreated      : 07.11.2025 7:59:22
Id               : 7000
LevelDisplayName : Ошибка
ProviderName     : Service Control Manager
Message          : Сбой при запуске службы "HFS" из-за ошибки 
                   Не удается найти указанный файл.

TimeCreated      : 07.11.2025 7:59:22
Id               : 5719
LevelDisplayName : Ошибка
ProviderName     : NETLOGON
Message          : Компьютер не может установить безопасный сеанс связи с контроллером домена NT_WORK по следующей причине: 
                   Вы не можете войти в систему с этими учетными данными, так как ваш домен недоступен. Убедитесь, что устройство подключено к сети организации и повторите попытку. Если вы ранее входили в систему на этом устройстве с другими учетными данными, вы можете войти в систему с этими учетными данными. 
                   Это может затруднить проверку подлинности. Убедитесь, что компьютер подключен к сети. Если ошибка повторится, обратитесь к администратору домена.  
                   
                   Дополнительные сведения 
                   Если данный компьютер является контроллером указанного домена, он устанавливает безопасный сеанс связи с эмулятором основного контроллера этого домена. В противном случае компьютер устанавливает безопасный сеанс связи с произвольным контроллером данного домена.

TimeCreated      : 07.11.2025 7:59:20
Id               : 7000
LevelDisplayName : Ошибка
ProviderName     : Service Control Manager
Message          : Сбой при запуске службы "luafv" из-за ошибки 
                   Загрузка драйвера была заблокирована

TimeCreated      : 06.11.2025 15:57:11
Id               : 1129
LevelDisplayName : Ошибка
ProviderName     : Microsoft-Windows-GroupPolicy
Message          : Сбой обработки групповой политики из-за отсутствия сетевого подключения к контроллеру домена. Это может быть временным явлением. Как только компьютеру удастся подключиться к контроллеру домена и групповая политика будет обработана успешно, будет создано сообщение об успехе. Если это сообщение не появляется в течение нескольких часов, обратитесь к администратору.

TimeCreated      : 06.11.2025 15:01:38
Id               : 10010
LevelDisplayName : Ошибка
ProviderName     : Microsoft-Windows-DistributedCOM
Message          : Регистрация сервера {0A790054-8E2E-4099-8B1F-2F0492F97194} DCOM не выполнена за отведенное время ожидания.

TimeCreated      : 06.11.2025 14:56:48
Id               : 1129
LevelDisplayName : Ошибка
ProviderName     : Microsoft-Windows-GroupPolicy
Message          : Сбой обработки групповой политики из-за отсутствия сетевого подключения к контроллеру домена. Это может быть временным явлением. Как только компьютеру удастся подключиться к контроллеру домена и групповая политика будет обработана успешно, будет создано сообщение об успехе. Если это сообщение не появляется в течение нескольких часов, обратитесь к администратору.

TimeCreated      : 06.11.2025 14:21:10
Id               : 1129
LevelDisplayName : Ошибка
ProviderName     : Microsoft-Windows-GroupPolicy
Message          : Сбой обработки групповой политики из-за отсутствия сетевого подключения к контроллеру домена. Это может быть временным явлением. Как только компьютеру удастся подключиться к контроллеру домена и групповая политика будет обработана успешно, будет создано сообщение об успехе. Если это сообщение не появляется в течение нескольких часов, обратитесь к администратору.

